[2026-06-17T16:20:57.820Z] SYSTEM: Connected to RPC WebSocket.
[2026-06-17T16:20:58.053Z] HEAVY PERFORMANCE [Slot 470098363]: Sig: 2Let3vh8iT3jMrgDzuNnZ6U9kk5kgHNZzg1b2g71KzVwxy3mqbddetUJSGFtxyvfW37g9S7yQRda7GRJt2SXQjda
[2026-06-17T16:20:58.055Z] HEAVY PERFORMANCE [Slot 470098363]: Sig: vaSLYkT4agFVZXvR4SvyGSTiHAy1enowQn5J4RjYvPnpwPBUTxk611aUYy4tTBBxE24UrqNJxRmgsRcTuVQKRyx
[2026-06-17T16:20:58.057Z] CRASH [Slot 470098363]: exceeded CUs meter at BPF instruction (Sig: 32fTxbkbX28JmP7eWZfCov5MPQD235eTxDnYduyUzHY5CD9Qo6FK1ykCf3PtGE5ZBaGVBdphNUcDULu4bRKfRXx2)
[2026-06-17T16:20:58.058Z] CRASH [Slot 470098363]: exceeded CUs meter at BPF instruction (Sig: 2JjN8zVoRdcQFStHEcZshv2VTwvG2FfyVrHNRJTcTGB85Xag5CfesF7H3zXscf8bC5zUNWSqipJhoQ5MyYnxJQpm)
[2026-06-17T16:20:58.060Z] CRASH [Slot 470098363]: custom program error: 0x1 (Sig: 5NZMZmDUmhpkYSRUQsNrZH341Uedr2cFfEqExXXcis3qR3jvFpBqN7GVUZeTeRDRfiFRmbZ2YF456uw3pqyr5pQ8)
[2026-06-17T16:20:58.655Z] HEAVY PERFORMANCE [Slot 470098364]: Sig: 5p9qRKbsEMk6NsfKAP5sTx3nGP3US4DzEL5RjhGribgPsqiTHcLGvJNAtP6BXzDYsh8Eo7Wwp9srdy5pm8saH1RG
[2026-06-17T16:20:58.861Z] CRASH [Slot 470098365]: exceeded CUs meter at BPF instruction (Sig: FHwVeHrAVDNS69SgjRHoGmDVxTDPQVeynYV8bGcTEZ15142xGGejh5LY6iW4zjJipf8mFTqZwcJJMwuv2f2TJTb)
[2026-06-17T16:20:59.248Z] CRASH [Slot 470098366]: exceeded CUs meter at BPF instruction (Sig: 5jcwb4XjpSwgADcgjQ3h7wvm8eTrLDTaSXbtykhv11jPCjRH2AEQyYqo4XErGue36DMqyqdZcA9VEbTyV3PRjcbV)
[2026-06-17T16:20:59.554Z] HEAVY PERFORMANCE [Slot 470098367]: Sig: 4MniL6ySKp8JqjJwEq1Q49msTqPXM2QiThYWd9ZvGpKUcSG1Jf47YJtELy7VqGu43ApYWcYachaYPYLBvLXZPGis
[2026-06-17T16:20:59.567Z] CRASH [Slot 470098367]: exceeded CUs meter at BPF instruction (Sig: 57FdTNa4Vu18H9nUg4g5yvyoEfpagsXbeujYr9tZ4mT76A5mh6otai9e5r74fb9bS5KhroRxKWvztF6tNnFSdKpr)
[2026-06-17T16:21:00.056Z] CRASH [Slot 470098368]: exceeded CUs meter at BPF instruction (Sig: 2wotZvVksj8PMzh5ed4uquQTjhggnuH9jPD6ByhegCFooAgrt33PVfXrzoX5VerQo1MvfGeCU8S3YTZpQFc6H171)
[2026-06-17T16:21:00.058Z] HEAVY PERFORMANCE [Slot 470098368]: Sig: 4EySoABkSwA9Cs1hvrpVWqkMnBi6kArF4rRCic3FdwnNSFMd26NQ9KUwTyJZaLQzRGBgtdMP65agcvw1hrNDgAGb
[2026-06-17T16:21:00.058Z] HEAVY PERFORMANCE [Slot 470098368]: Sig: 3kAUvVDKY4AYaUNNyiKwYiekCrJ8UmKAWpKNRsK6gZzo9vwdokqTAXJN9reuWX3BAoMLiPqCj3LbaNMjqunUhZGN
[2026-06-17T16:21:00.059Z] HEAVY PERFORMANCE [Slot 470098368]: Sig: 4XQF8FWNCB1maWEw3cjVikffEKk7ZZfpwTH7LEMytTQyjxAUxkgaSTGjFnNqAWPpfAo1VbKYz4BzMWGqMeBmwSg4
[2026-06-17T16:21:00.061Z] CRASH [Slot 470098368]: exceeded CUs meter at BPF instruction (Sig: M5YFKwy3D8hKTpJ6Fn2nsxfnRokx5iQyBurMVjSkLSc8LoozmWUExFuH5Ao9CFv2XKAZNMNS43VVPZ1gnso6iow)
[2026-06-17T16:21:00.451Z] HEAVY PERFORMANCE [Slot 470098369]: Sig: 8MKB2BY5oTzitfUT3ixYNYRkUNBH9JdtsEymrZwb8uvf6Af16wG3HrVqwPB4VGnsRyHbAw2JWzxeTtnxKC1MLwZ
[2026-06-17T16:21:00.459Z] CRASH [Slot 470098369]: custom program error: 0x1 (Sig: 37L1hN61oqg6qxdWms5r4XSVf6ukcNgUNwUGuXBBLuq8ao7xjxjJ4rtcEfnTNmdNme2h5zUJgXkNZaXb3gnco6EW)
[2026-06-17T16:21:00.464Z] HEAVY PERFORMANCE [Slot 470098369]: Sig: 31Bmnz4f9nREeeF8uGTocjgtvBkj82W5TbsMVP5c15eyZg4g38eEJoAR1naE9HTpnLxgrvBaaVgSJ4z7NhE2ArPK
[2026-06-17T16:21:00.759Z] CRASH [Slot 470098370]: exceeded CUs meter at BPF instruction (Sig: 3xA2CCPF5Ujb7V5mXpwDoB6KbXU3qft4zTWKk9dgAWsY7XBPs8rZqCVHSD86Hcv1x8bXQMRPr1weDhwN7bMdX4WY)
[2026-06-17T16:21:01.758Z] CRASH [Slot 470098372]: exceeded CUs meter at BPF instruction (Sig: 2DWSNuKUupcu2zmo1Lns4yirCMPrLi3kmh85xzkgzTF1fcyG1XkE7kgn7nLqFiDndErZrqZTwh3zHyktt4svBRwK)
[2026-06-17T16:21:01.759Z] HEAVY PERFORMANCE [Slot 470098372]: Sig: PTCYw6DTKnxyxoQkpTSx9CcDPdWwJ1b8zXUQJ77TTSwP3FSeuD4xrhPe3xQ4Hph1a3BZXTuuhwmzPjk1YCFzMNG
[2026-06-17T16:21:02.361Z] HEAVY PERFORMANCE [Slot 470098374]: Sig: tmsQLde8f3pSW5wRtFVrbpKkSh9cgDMwFBvpGzkVs6bGhUhvQ3v1u6X6fDSKsg3U3ni5JFTYmUXC9wSoeMtt95R
[2026-06-17T16:21:02.665Z] CRASH [Slot 470098375]: exceeded CUs meter at BPF instruction (Sig: 4f83DYWQLYNvSUYBiT8WxrdicbCxgh5fehTWN7Ta3k9Vcd1VTytLgp5nDmgsHYnCACDkFYDKh1t3NNe7EWddA2ur)
[2026-06-17T16:21:03.171Z] CRASH [Slot 470098376]: custom program error: 0x1 (Sig: 2PodSudcpcMRbBbMHH5Soo2vy9MUnkdQPNZY1bUb4g5GZLPWz5jvpMSd96Lx4pjH2snVo9rJqLWQULVWbJTCLXox)
[2026-06-17T16:21:03.176Z] HEAVY PERFORMANCE [Slot 470098376]: Sig: 2Cvg9e1hvBNLuPQj5uTX9xQKNkKW57zLcxwBY5HrguaGUGg5ECy8UuBBYvESfEQY1gtnnqtzVEA5oLipT2PT7GiS
[2026-06-17T16:21:03.568Z] CRASH [Slot 470098377]: exceeded CUs meter at BPF instruction (Sig: 4QexsH25FMYgnHv5DGtwiJ35kT4XUGjqCUHyujNJc5xvJ5ShPGwQ717By1seyfKPfYzCfMazkdLw2k5QcypntZka)
[2026-06-17T16:21:03.860Z] HEAVY PERFORMANCE [Slot 470098378]: Sig: 2AhF2Rf6wNziM4tL1v1qSmAeAe4zQ8zb9Ch19SDFmPZwabTtEasKr5kms6mWXHMDynfjqZqAvFR3VghceqjiDdyV
[2026-06-17T16:21:03.861Z] CRASH [Slot 470098378]: exceeded CUs meter at BPF instruction (Sig: 2c9WUnzdGgfjtPSYeti3nqt13FNFM9TAa2XNJfU9Zj7VZpoC8cLDmjC2ALrEUcHbfx2WJsxHmszA26YnLJdFxQPM)
[2026-06-17T16:21:03.863Z] CRASH [Slot 470098378]: Computational budget exceeded (Sig: 35BoYcc7UAGQJn7KPyvst3qNxgYX5LjYyvUxLSjWcKkzGFDqDr12AgDawXYjHSoa7dZL9FTNFvDf1VgTK5Wt6XpP)
[2026-06-17T16:21:03.864Z] CRASH [Slot 470098378]: custom program error: 0x0 (Sig: 5UGXrnbkhiHgj2iX37gpNJkppkRwgBEboby4hSmN7BxqRPFnZM3FM9D9XERVh1soPN9vHfy1DmFJzSex5uLEXtRL)
[2026-06-17T16:21:03.864Z] CRASH [Slot 470098378]: custom program error: 0x0 (Sig: 2Jhz1f8mu9wPQjHb1rgGi5beeqjfvUkwAwB9nPnpwvGfRFFSQFCyxiJ7Wn7eyL78FFyPsyLvqxLtnpqCrrV1oPeV)
[2026-06-17T16:21:04.129Z] SYSTEM: Process terminated by user.
